Untitled.cs(19,49): error CS1525: Unexpected symbol `)', expecting `;'
Untitled.cs(19,49): error CS8032: Internal compiler error during parsing, Run with -v for details
Compilation failed: 2 error(s), 0 warnings
